[10:23:40] 200 - GET /api/ -       897.8µs
[10:55:52] 500 - POST /api/users -     469.905ms
[10:57:54] 500 - POST /api/users -    392.2217ms
[10:58:06] 500 - POST /api/users -      2.9971ms
[10:59:34] 500 - POST /api/users -    255.6937ms
[11:04:17] 200 - POST /api/users -     2.123386s
[11:35:53] 400 - POST /api/users -    302.7267ms
[11:36:09] 400 - POST /api/users -      3.2379ms
[11:36:15] 400 - POST /api/users -      3.2322ms
[11:36:23] 400 - POST /api/users -     44.5051ms
[11:36:27] 400 - POST /api/users -      2.0474ms
[11:36:40] 400 - POST /api/users -       4.143ms
[11:38:27] 200 - POST /api/users -    3.5099206s
[11:45:58] 200 - GET /api/ -      6.0155ms
[11:46:01] 200 - GET /api/ -       444.5µs
[11:46:10] 200 - GET /api/users/ -     2.296739s
[11:49:45] 200 - GET /api/users/ -    2.4558467s
[11:59:10] 400 - POST /api/users/ -    280.7677ms
[12:02:37] 200 - GET /api/users/ -    2.0866487s
[12:05:07] 200 - GET /api/users/ -    2.1608851s
[12:05:24] 200 - POST /api/users/ -    1.6601947s
[12:05:34] 200 - GET /api/users/ -    1.7440844s
[12:25:28] 200 - POST /api/auth/create-account -    2.4358829s
[12:26:19] 200 - GET /api/users/ -    1.6269685s
[12:26:57] 200 - POST /api/auth/login -    4.5239561s
[13:57:59] 500 - POST /api/auth/forgot-password -    2.9145881s
[14:01:04] 200 - POST /api/auth/create-account -    2.4118765s
[14:01:14] 200 - GET /api/users/ -    1.7852529s
[14:01:38] 200 - POST /api/auth/forgot-password -    4.3697388s
[14:12:18] 404 - POST /api/auth/verify-otp -      6.4802ms
[14:12:42] 401 - POST /api/auth/verify-otp -    2.4024182s
[14:12:58] 200 - POST /api/auth/forgot-password -    5.0132676s
[14:13:28] 401 - POST /api/auth/verify-otp -    2.0522133s
[14:13:38] 400 - POST /api/auth/verify-otp -       513.3µs
[14:13:50] 401 - POST /api/auth/verify-otp -    2.1907416s
[14:20:19] 200 - POST /api/auth/verify-otp -    2.6072708s
[14:25:49] 401 - POST /api/auth/verify-otp -    2.5378601s
[14:26:16] 401 - POST /api/auth/verify-otp -    1.6711242s
[14:26:44] 200 - POST /api/auth/forgot-password -    4.3848272s
[14:27:12] 200 - POST /api/auth/verify-otp -    2.3414737s
[14:27:22] 401 - POST /api/auth/verify-otp -    1.9744188s
[14:27:29] 200 - POST /api/auth/verify-otp -    1.8558133s
[14:39:46] 200 - POST /api/auth/forgot-password -    5.1333207s
[14:40:30] 200 - POST /api/auth/forgot-password -    4.8794548s
[14:40:54] 200 - POST /api/auth/verify-otp -    1.8656887s
[15:21:04] 401 - POST /api/auth/forgot-password -    5.2295738s
[15:22:12] 200 - POST /api/auth/forgot-password -    4.2429991s
[15:22:41] 200 - POST /api/auth/verify-otp -    1.6277969s
[15:23:15] 200 - POST /api/auth/reset-password -     1.742732s
[15:23:35] 404 - POST /api/auth/reset-password -     1.521222s
[15:23:49] 404 - POST /api/auth/logn -            0s
[15:23:54] 404 - POST /api/auth/logn -        16.5ms
[15:24:00] 404 - POST /api/auth/logn -       344.6µs
[15:24:09] 200 - POST /api/auth/login -    1.6965312s
[15:31:12] 400 - POST /api/auth/forgot-password -    2.3153756s
[15:31:25] 200 - POST /api/auth/forgot-password -    4.2181588s
